[2025-06-17 00:05:36] Listando archivos de biblioteca - Versión optimizada
[2025-06-17 00:05:36] Procesando 12 archivos
[2025-06-17 00:05:36] Retornando 12 archivos
[2025-06-17 00:17:36] Listando archivos de biblioteca - Versión optimizada
[2025-06-17 00:17:37] Procesando 17 archivos
[2025-06-17 00:17:37] Retornando 17 archivos
[2025-06-17 00:20:27] Listando archivos de biblioteca - Versión optimizada
[2025-06-17 00:20:27] Procesando 17 archivos
[2025-06-17 00:20:27] Retornando 17 archivos
[2025-06-17 00:46:57] Listando archivos de biblioteca - Versión optimizada
[2025-06-17 00:46:57] Procesando 19 archivos
[2025-06-17 00:46:57] Retornando 19 archivos
[2025-06-17 00:48:23] Eliminando archivo: tts20250616065851_probando.mp3
[2025-06-17 00:48:23] Archivo eliminado exitosamente: tts20250616065851_probando.mp3
[2025-06-17 00:48:25] Eliminando archivo: tts20250616214818.mp3
[2025-06-17 00:48:26] Archivo eliminado exitosamente: tts20250616214818.mp3
[2025-06-17 01:43:43] Listando archivos de biblioteca - Versión optimizada
[2025-06-17 01:43:43] Procesando 27 archivos
[2025-06-17 01:43:43] Retornando 27 archivos
[2025-06-17 01:50:31] Listando archivos de biblioteca - Versión optimizada
[2025-06-17 01:50:31] Procesando 30 archivos
[2025-06-17 01:50:31] Retornando 30 archivos
[2025-06-17 02:39:56] Listando archivos de biblioteca - Versión optimizada
[2025-06-17 02:39:56] Procesando 32 archivos
[2025-06-17 02:39:56] Retornando 32 archivos
[2025-06-17 03:07:13] Listando archivos de biblioteca - Versión optimizada
[2025-06-17 03:07:13] Procesando 40 archivos
[2025-06-17 03:07:13] Retornando 40 archivos
[2025-06-17 03:30:34] Listando archivos de biblioteca - Versión optimizada
[2025-06-17 03:30:35] Procesando 48 archivos
[2025-06-17 03:30:35] Retornando 48 archivos
[2025-06-17 03:52:51] Listando archivos de biblioteca - Versión optimizada
[2025-06-17 03:52:51] Procesando 13 archivos
[2025-06-17 03:52:51] Retornando 13 archivos
[2025-06-17 04:01:16] Listando archivos de biblioteca - Versión optimizada
[2025-06-17 04:01:16] Procesando 27 archivos
[2025-06-17 04:01:16] Retornando 27 archivos
[2025-06-17 04:01:58] Renombrando archivo: tts20250617040025.mp3 -> tts20250617040025_Show_de_Magia.mp3
[2025-06-17 04:01:58] Ejecutando comando: sudo docker exec azuracast mv '/var/azuracast/stations/test/media/Grabaciones/tts20250617040025.mp3' '/var/azuracast/stations/test/media/Grabaciones/tts20250617040025_Show_de_Magia.mp3' 2>&1
[2025-06-17 04:01:59] Archivo renombrado exitosamente. Sincronizando AzuraCast...
[2025-06-17 04:01:59] Ejecutando sincronización: sudo docker exec azuracast php /var/azuracast/www/backend/bin/console azuracast:media:reprocess 1 2>&1
[2025-06-17 04:01:59] Resultado sincronización: 
Manually Reprocess Media
========================

Reprocessing media for station: OVH
Marked 96 record(s) for reprocessing.

[2025-06-17 04:02:06] Listando archivos de biblioteca - Versión optimizada
[2025-06-17 04:02:07] Procesando 27 archivos
[2025-06-17 04:02:07] Retornando 27 archivos
[2025-06-17 04:02:21] Enviando archivo de biblioteca a radio: tts20250617040025_Show_de_Magia.mp3
[2025-06-17 04:02:21] Interrumpiendo radio con archivo: tts20250617040025_Show_de_Magia.mp3
[2025-06-17 04:02:21] Interrupción ejecutada. Respuesta: 2339
END
[2025-06-17 04:02:21] ¡Interrupción exitosa! RID: 2339
[2025-06-17 04:02:21] Archivo de biblioteca enviado exitosamente: tts20250617040025_Show_de_Magia.mp3
[2025-06-17 04:03:56] Enviando archivo de biblioteca a radio: tts20250617040025_Show_de_Magia.mp3
[2025-06-17 04:03:56] Interrumpiendo radio con archivo: tts20250617040025_Show_de_Magia.mp3
[2025-06-17 04:03:56] Interrupción ejecutada. Respuesta: 27
END
[2025-06-17 04:03:56] ¡Interrupción exitosa! RID: 27
[2025-06-17 04:03:56] Archivo de biblioteca enviado exitosamente: tts20250617040025_Show_de_Magia.mp3
[2025-06-17 04:05:03] Enviando archivo de biblioteca a radio: tts20250617040025_Show_de_Magia.mp3
[2025-06-17 04:05:03] Interrumpiendo radio con archivo: tts20250617040025_Show_de_Magia.mp3
[2025-06-17 04:05:03] Interrupción ejecutada. Respuesta: 13
END
[2025-06-17 04:05:03] ¡Interrupción exitosa! RID: 13
[2025-06-17 04:05:03] Archivo de biblioteca enviado exitosamente: tts20250617040025_Show_de_Magia.mp3
[2025-06-17 04:13:16] Listando archivos de biblioteca - Versión optimizada
[2025-06-17 04:13:16] Procesando 32 archivos
[2025-06-17 04:13:16] Retornando 32 archivos
[2025-06-17 04:15:55] Listando archivos de biblioteca - Versión optimizada
[2025-06-17 04:15:55] Procesando 32 archivos
[2025-06-17 04:15:55] Retornando 32 archivos
[2025-06-17 04:19:56] Listando archivos de biblioteca - Versión optimizada
[2025-06-17 04:19:56] Procesando 39 archivos
[2025-06-17 04:19:56] Retornando 39 archivos
[2025-06-17 04:26:47] Listando archivos de biblioteca - Versión optimizada
[2025-06-17 04:26:47] Procesando 49 archivos
[2025-06-17 04:26:47] Retornando 49 archivos
[2025-06-17 04:28:19] Listando archivos de biblioteca - Versión optimizada
[2025-06-17 04:28:19] Procesando 51 archivos
[2025-06-17 04:28:19] Retornando 50 archivos
[2025-06-17 04:29:46] Listando archivos de biblioteca - Versión optimizada
[2025-06-17 04:29:46] Procesando 52 archivos
[2025-06-17 04:29:46] Retornando 50 archivos
[2025-06-17 04:33:37] Listando archivos de biblioteca - Versión optimizada
[2025-06-17 04:33:37] Procesando 54 archivos
[2025-06-17 04:33:37] Retornando 50 archivos
[2025-06-17 04:35:55] Listando archivos de biblioteca - Versión optimizada
[2025-06-17 04:35:55] Procesando 58 archivos
[2025-06-17 04:35:55] Retornando 50 archivos
[2025-06-17 04:37:15] Listando archivos de biblioteca - Versión optimizada
[2025-06-17 04:37:15] Procesando 59 archivos
[2025-06-17 04:37:15] Retornando 50 archivos
[2025-06-17 04:38:22] Listando archivos de biblioteca - Versión optimizada
[2025-06-17 04:38:23] Procesando 60 archivos
[2025-06-17 04:38:23] Retornando 50 archivos
[2025-06-17 04:41:01] Listando archivos de biblioteca - Versión optimizada
[2025-06-17 04:41:01] Procesando 63 archivos
[2025-06-17 04:41:01] Retornando 50 archivos
[2025-06-17 04:43:44] Listando archivos de biblioteca - Versión optimizada
[2025-06-17 04:43:44] Procesando 65 archivos
[2025-06-17 04:43:44] Retornando 50 archivos
[2025-06-17 04:48:03] Listando archivos de biblioteca - Versión optimizada
[2025-06-17 04:48:03] Procesando 68 archivos
[2025-06-17 04:48:03] Retornando 50 archivos
[2025-06-17 04:49:34] Listando archivos de biblioteca - Versión optimizada
[2025-06-17 04:49:34] Procesando 69 archivos
[2025-06-17 04:49:34] Retornando 50 archivos
[2025-06-17 04:50:20] Listando archivos de biblioteca - Versión optimizada
[2025-06-17 04:50:20] Procesando 69 archivos
[2025-06-17 04:50:20] Retornando 50 archivos
[2025-06-17 04:50:59] Listando archivos de biblioteca - Versión optimizada
[2025-06-17 04:50:59] Procesando 69 archivos
[2025-06-17 04:50:59] Retornando 50 archivos
[2025-06-17 04:51:17] Listando archivos de biblioteca - Versión optimizada
[2025-06-17 04:51:17] Procesando 69 archivos
[2025-06-17 04:51:17] Retornando 50 archivos
[2025-06-17 04:54:33] Listando archivos de biblioteca - Versión optimizada
[2025-06-17 04:54:33] Procesando 70 archivos
[2025-06-17 04:54:33] Retornando 50 archivos
[2025-06-17 04:56:11] Listando archivos de biblioteca - Versión optimizada
[2025-06-17 04:56:12] Procesando 71 archivos
[2025-06-17 04:56:12] Retornando 50 archivos
[2025-06-17 04:58:03] Listando archivos de biblioteca - Versión optimizada
[2025-06-17 04:58:04] Procesando 73 archivos
[2025-06-17 04:58:04] Retornando 50 archivos
[2025-06-17 05:01:00] Listando archivos de biblioteca - Versión optimizada
[2025-06-17 05:01:01] Procesando 77 archivos
[2025-06-17 05:01:01] Retornando 50 archivos
[2025-06-17 05:03:14] Listando archivos de biblioteca - Versión optimizada
[2025-06-17 05:03:14] Procesando 79 archivos
[2025-06-17 05:03:14] Retornando 50 archivos
[2025-06-17 05:07:06] Listando archivos de biblioteca - Versión optimizada
[2025-06-17 05:07:06] Procesando 82 archivos
[2025-06-17 05:07:06] Retornando 50 archivos
[2025-06-17 05:12:07] Listando archivos de biblioteca - Versión optimizada
[2025-06-17 05:12:08] Procesando 88 archivos
[2025-06-17 05:12:08] Retornando 50 archivos
[2025-06-17 05:13:39] Listando archivos de biblioteca - Versión optimizada
[2025-06-17 05:13:39] Procesando 89 archivos
[2025-06-17 05:13:39] Retornando 50 archivos
[2025-06-17 05:13:44] Listando archivos de biblioteca - Versión optimizada
[2025-06-17 05:13:44] Procesando 89 archivos
[2025-06-17 05:13:44] Retornando 50 archivos
[2025-06-17 05:15:32] Listando archivos de biblioteca - Versión optimizada
[2025-06-17 05:15:32] Procesando 90 archivos
[2025-06-17 05:15:32] Retornando 50 archivos
[2025-06-17 05:17:18] Listando archivos de biblioteca - Versión optimizada
[2025-06-17 05:17:18] Procesando 92 archivos
[2025-06-17 05:17:18] Retornando 50 archivos
[2025-06-17 05:20:03] Listando archivos de biblioteca - Versión optimizada
[2025-06-17 05:20:03] Procesando 95 archivos
[2025-06-17 05:20:03] Retornando 50 archivos
[2025-06-17 05:21:13] Listando archivos de biblioteca - Versión optimizada
[2025-06-17 05:21:13] Procesando 97 archivos
[2025-06-17 05:21:13] Retornando 50 archivos
[2025-06-17 05:24:01] Listando archivos de biblioteca - Versión optimizada
[2025-06-17 05:24:02] Procesando 99 archivos
[2025-06-17 05:24:02] Retornando 50 archivos
[2025-06-17 05:25:40] Listando archivos de biblioteca - Versión optimizada
[2025-06-17 05:25:40] Procesando 100 archivos
[2025-06-17 05:25:40] Retornando 50 archivos
[2025-06-17 05:27:22] Listando archivos de biblioteca - Versión optimizada
[2025-06-17 05:27:23] Procesando 100 archivos
[2025-06-17 05:27:23] Retornando 50 archivos
[2025-06-17 05:28:51] Listando archivos de biblioteca - Versión optimizada
[2025-06-17 05:28:51] Procesando 101 archivos
[2025-06-17 05:28:51] Retornando 50 archivos
[2025-06-17 05:32:13] Listando archivos de biblioteca - Versión optimizada
[2025-06-17 05:32:14] Procesando 106 archivos
[2025-06-17 05:32:14] Retornando 50 archivos
[2025-06-17 05:32:18] Listando archivos de biblioteca - Versión optimizada
[2025-06-17 05:32:19] Procesando 106 archivos
[2025-06-17 05:32:19] Retornando 50 archivos
[2025-06-17 05:32:37] Renombrando archivo: tts20250617053121.mp3 -> tts20250617053121_Intensamente.mp3
[2025-06-17 05:32:37] Ejecutando comando: sudo docker exec azuracast mv '/var/azuracast/stations/test/media/Grabaciones/tts20250617053121.mp3' '/var/azuracast/stations/test/media/Grabaciones/tts20250617053121_Intensamente.mp3' 2>&1
[2025-06-17 05:32:38] Archivo renombrado exitosamente. Sincronizando AzuraCast...
[2025-06-17 05:32:38] Ejecutando sincronización: sudo docker exec azuracast php /var/azuracast/www/backend/bin/console azuracast:media:reprocess 1 2>&1
[2025-06-17 05:32:38] Resultado sincronización: 
Manually Reprocess Media
========================

Reprocessing media for station: OVH
Marked 175 record(s) for reprocessing.

[2025-06-17 05:32:46] Listando archivos de biblioteca - Versión optimizada
[2025-06-17 05:32:46] Procesando 106 archivos
[2025-06-17 05:32:46] Retornando 50 archivos
[2025-06-17 05:34:43] Listando archivos de biblioteca - Versión optimizada
[2025-06-17 05:34:43] Procesando 107 archivos
[2025-06-17 05:34:43] Retornando 50 archivos
[2025-06-17 14:42:15] Listando archivos de biblioteca - Versión optimizada
[2025-06-17 14:42:15] Procesando 111 archivos
[2025-06-17 14:42:15] Retornando 50 archivos
[2025-06-17 14:49:12] Enviando archivo de biblioteca a radio: tts20250617053705.mp3
[2025-06-17 14:49:12] Interrumpiendo radio con archivo: tts20250617053705.mp3
[2025-06-17 14:49:12] Interrupción ejecutada. Respuesta: 305
END
[2025-06-17 14:49:12] ¡Interrupción exitosa! RID: 305
[2025-06-17 14:49:12] Archivo de biblioteca enviado exitosamente: tts20250617053705.mp3
[2025-06-17 15:27:21] Listando archivos de biblioteca - Versión optimizada
[2025-06-17 15:27:21] Procesando 133 archivos
[2025-06-17 15:27:21] Retornando 50 archivos
[2025-06-17 15:27:48] Renombrando archivo: tts20250617152702.mp3 -> tts20250617152702_San_Ramon.mp3
[2025-06-17 15:27:48] Ejecutando comando: sudo docker exec azuracast mv '/var/azuracast/stations/test/media/Grabaciones/tts20250617152702.mp3' '/var/azuracast/stations/test/media/Grabaciones/tts20250617152702_San_Ramon.mp3' 2>&1
[2025-06-17 15:27:49] Archivo renombrado exitosamente. Sincronizando AzuraCast...
[2025-06-17 15:27:49] Ejecutando sincronización: sudo docker exec azuracast php /var/azuracast/www/backend/bin/console azuracast:media:reprocess 1 2>&1
[2025-06-17 15:27:49] Resultado sincronización: 
Manually Reprocess Media
========================

Reprocessing media for station: Mall
Marked 202 record(s) for reprocessing.

[2025-06-17 15:27:52] Listando archivos de biblioteca - Versión optimizada
[2025-06-17 15:27:52] Procesando 133 archivos
[2025-06-17 15:27:52] Retornando 50 archivos
[2025-06-17 15:28:18] Enviando archivo de biblioteca a radio: tts20250617152702_San_Ramon.mp3
[2025-06-17 15:28:18] Interrumpiendo radio con archivo: tts20250617152702_San_Ramon.mp3
[2025-06-17 15:28:19] Interrupción ejecutada. Respuesta: 351
END
[2025-06-17 15:28:19] ¡Interrupción exitosa! RID: 351
[2025-06-17 15:28:19] Archivo de biblioteca enviado exitosamente: tts20250617152702_San_Ramon.mp3
[2025-06-17 15:32:00] Listando archivos de biblioteca - Versión optimizada
[2025-06-17 15:32:01] Procesando 135 archivos
[2025-06-17 15:32:01] Retornando 50 archivos
[2025-06-17 15:32:31] Enviando archivo de biblioteca a radio: tts20250617153129.mp3
[2025-06-17 15:32:32] Interrumpiendo radio con archivo: tts20250617153129.mp3
[2025-06-17 15:32:32] Interrupción ejecutada. Respuesta: 355
END
[2025-06-17 15:32:32] ¡Interrupción exitosa! RID: 355
[2025-06-17 15:32:32] Archivo de biblioteca enviado exitosamente: tts20250617153129.mp3
[2025-06-17 19:16:33] Listando archivos de biblioteca - Versión optimizada
[2025-06-17 19:16:33] Procesando 135 archivos
[2025-06-17 19:16:33] Retornando 50 archivos
[2025-06-17 19:41:51] Listando archivos de biblioteca - Versión optimizada
[2025-06-17 19:41:51] Procesando 135 archivos
[2025-06-17 19:41:51] Retornando 50 archivos
[2025-06-17 19:47:35] Listando archivos de biblioteca - Versión optimizada
[2025-06-17 19:47:35] Procesando 138 archivos
[2025-06-17 19:47:35] Retornando 50 archivos
[2025-06-17 20:08:50] Listando archivos de biblioteca - Versión optimizada
[2025-06-17 20:08:50] Procesando 139 archivos
[2025-06-17 20:08:50] Retornando 50 archivos
[2025-06-17 20:36:00] Listando archivos de biblioteca - Versión optimizada
[2025-06-17 20:36:01] Procesando 140 archivos
[2025-06-17 20:36:01] Retornando 50 archivos
[2025-06-17 20:37:06] Listando archivos de biblioteca - Versión optimizada
[2025-06-17 20:37:06] Procesando 141 archivos
[2025-06-17 20:37:06] Retornando 50 archivos
[2025-06-17 20:49:12] Listando archivos de biblioteca - Versión optimizada
[2025-06-17 20:49:12] Procesando 141 archivos
[2025-06-17 20:49:12] Retornando 50 archivos
[2025-06-17 20:49:25] Listando archivos de biblioteca - Versión optimizada
[2025-06-17 20:49:25] Procesando 141 archivos
[2025-06-17 20:49:25] Retornando 50 archivos
[2025-06-17 20:54:29] Listando archivos de biblioteca - Versión optimizada
[2025-06-17 20:54:29] Procesando 143 archivos
[2025-06-17 20:54:29] Retornando 50 archivos
[2025-06-17 21:41:29] Listando archivos de biblioteca - Versión optimizada
[2025-06-17 21:41:29] Procesando 144 archivos
[2025-06-17 21:41:29] Retornando 50 archivos
[2025-06-17 23:12:14] Listando archivos de biblioteca - Versión optimizada
[2025-06-17 23:12:14] Procesando 144 archivos
[2025-06-17 23:12:14] Retornando 50 archivos
[2025-06-17 23:14:15] Listando archivos de biblioteca - Versión optimizada
[2025-06-17 23:14:16] Procesando 145 archivos
[2025-06-17 23:14:16] Retornando 50 archivos
[2025-06-17 23:22:39] Listando archivos de biblioteca - Versión optimizada
[2025-06-17 23:22:39] Procesando 146 archivos
[2025-06-17 23:22:39] Retornando 50 archivos
[2025-06-17 23:29:49] Listando archivos de biblioteca - Versión optimizada
[2025-06-17 23:29:49] Procesando 147 archivos
[2025-06-17 23:29:49] Retornando 50 archivos
[2025-06-17 23:30:22] Listando archivos de biblioteca - Versión optimizada
[2025-06-17 23:30:22] Procesando 147 archivos
[2025-06-17 23:30:22] Retornando 50 archivos
[2025-06-17 23:30:52] Listando archivos de biblioteca - Versión optimizada
[2025-06-17 23:30:52] Procesando 148 archivos
[2025-06-17 23:30:52] Retornando 50 archivos
